<?xml version="1.0" encoding="UTF-8"?>
<testsuite xmlns:xsi="http://www.w3.org/2001/XMLSchema-instance" xsi:noNamespaceSchemaLocation="https://maven.apache.org/surefire/maven-surefire-plugin/xsd/surefire-test-report-3.0.xsd" version="3.0" name="com.security.ragshield.service.EnterpriseRedactorTest" time="0.409" tests="3" errors="0" skipped="0" failures="0">
  <properties>
[...]
</properties>
  <testcase name="testMultipleEntities" classname="com.security.ragshield.service.EnterpriseRedactorTest" time="0.301">
    <system-out><![CDATA[2026-07-26T15:42:10.121+05:30  INFO 20360 --- [rag-shield-core] [           main] e.stanford.nlp.pipeline.StanfordCoreNLP  : Adding annotator tokenize
2026-07-26T15:42:10.121+05:30  INFO 20360 --- [rag-shield-core] [           main] e.stanford.nlp.pipeline.StanfordCoreNLP  : Adding annotator pos
2026-07-26T15:42:10.122+05:30  INFO 20360 --- [rag-shield-core] [           main] e.stanford.nlp.pipeline.StanfordCoreNLP  : Adding annotator lemma
2026-07-26T15:42:10.122+05:30  INFO 20360 --- [rag-shield-core] [           main] e.stanford.nlp.pipeline.StanfordCoreNLP  : Adding annotator ner
Multiple Redacted: Contact [PERSON] and [PERSON]. Reach [PERSON] at [EMAIL] and [PERSON] at +[PHONE].
]]></system-out>
  </testcase>
  <testcase name="testRedactPersonEmailAndPhone" classname="com.security.ragshield.service.EnterpriseRedactorTest" time="0.059">
    <system-out><![CDATA[Original: My name is John Doe, my email is john.doe@example.com and phone is +1-555-555-5555.
Redacted: My name is [PERSON], my email is [EMAIL] and phone is +[PHONE].
]]></system-out>
  </testcase>
  <testcase name="testRedactSsn" classname="com.security.ragshield.service.EnterpriseRedactorTest" time="0.04">
    <system-out><![CDATA[SSN Redacted: Customer SSN is [SSN]. Contact customer service.
]]></system-out>
  </testcase>
</testsuite>